<?xml version="1.0" encoding="UTF-8"?>
<!-- Generated by org.testng.reporters.JUnitReportReporter -->
<testsuite skipped="0" hostname="DESKTOP-60SM0LU" name="com.urbanLadder.testCases.Tc_urbanLadder_AboutPage09" tests="1" failures="0" timestamp="18 May 2022 14:54:38 GMT" time="6.414" errors="0">
  <testcase name="aboutTest" time="6.414" classname="com.urbanLadder.testCases.Tc_urbanLadder_AboutPage09"/>
</testsuite> <!-- com.urbanLadder.testCases.Tc_urbanLadder_AboutPage09 -->
