<?xml version="1.0" encoding="UTF-8"?>
<!-- Generated by org.testng.reporters.JUnitReportReporter -->
<testsuite skipped="0" hostname="DESKTOP-60SM0LU" name="com.urbanLadder.testCases.Tc_urbanladder_login01" tests="1" failures="0" timestamp="15 May 2022 15:05:47 GMT" time="6.400" errors="0">
  <testcase name="LoginTest" time="6.400" classname="com.urbanLadder.testCases.Tc_urbanladder_login01"/>
</testsuite> <!-- com.urbanLadder.testCases.Tc_urbanladder_login01 -->
