<?xml version="1.0" encoding="UTF-8"?>
<!-- Generated by org.testng.reporters.JUnitReportReporter -->
<testsuite skipped="0" hostname="DESKTOP-60SM0LU" name="com.urbanLadder.testCases.Tc_urbanladder_login02" tests="1" failures="0" timestamp="18 May 2022 14:54:38 GMT" time="9.429" errors="0">
  <testcase name="LoginTest" time="9.429" classname="com.urbanLadder.testCases.Tc_urbanladder_login02"/>
</testsuite> <!-- com.urbanLadder.testCases.Tc_urbanladder_login02 -->
