<?xml version="1.0" encoding="UTF-8"?>
<!-- Generated by org.testng.reporters.JUnitReportReporter -->
<testsuite skipped="0" hostname="DESKTOP-60SM0LU" name="com.urbanLadder.testCases.Tc_urbanLadder_searchtable03" tests="1" failures="0" timestamp="18 May 2022 14:54:38 GMT" time="11.547" errors="0">
  <testcase name="searchTable" time="11.547" classname="com.urbanLadder.testCases.Tc_urbanLadder_searchtable03"/>
</testsuite> <!-- com.urbanLadder.testCases.Tc_urbanLadder_searchtable03 -->
