<?xml version="1.0" encoding="UTF-8"?>
<!-- Generated by org.testng.reporters.JUnitReportReporter -->
<testsuite skipped="0" hostname="DESKTOP-60SM0LU" name="com.urbanLadder.testCases.Tc_urbanLadder_signup02" tests="1" failures="0" timestamp="15 May 2022 15:12:52 GMT" time="8.358" errors="0">
  <testcase name="LoginTest" time="8.358" classname="com.urbanLadder.testCases.Tc_urbanLadder_signup02"/>
</testsuite> <!-- com.urbanLadder.testCases.Tc_urbanLadder_signup02 -->
